2025-11-07T15:39:53.061+03:00  INFO 10104 --- [main] b.Shelden.ReservationSystemApplication   : Starting ReservationSystemApplication using Java 24.0.2 with PID 10104 (C:\Users\Shelden\IdeaProjects\Aston\Stage_Two\Second_Week\target\classes started by Shelden in C:\Users\Shelden\IdeaProjects\Aston\Stage_Two\Second_Week)
2025-11-07T15:39:53.064+03:00  INFO 10104 --- [main] b.Shelden.ReservationSystemApplication   : No active profile set, falling back to 1 default profile: "default"
2025-11-07T15:39:53.642+03:00  INFO 10104 --- [main] .s.d.r.c.RepositoryConfigurationDelegate : Bootstrapping Spring Data JPA repositories in DEFAULT mode.
2025-11-07T15:39:53.695+03:00  INFO 10104 --- [main] .s.d.r.c.RepositoryConfigurationDelegate : Finished Spring Data repository scanning in 44 ms. Found 1 JPA repository interface.
2025-11-07T15:39:54.114+03:00  INFO 10104 --- [main] o.s.b.w.embedded.tomcat.TomcatWebServer  : Tomcat initialized with port 8080 (http)
2025-11-07T15:39:54.127+03:00  INFO 10104 --- [main] o.apache.catalina.core.StandardService   : Starting service [Tomcat]
2025-11-07T15:39:54.127+03:00  INFO 10104 --- [main] o.apache.catalina.core.StandardEngine    : Starting Servlet engine: [Apache Tomcat/10.1.48]
2025-11-07T15:39:54.183+03:00  INFO 10104 --- [main] o.a.c.c.C.[Tomcat].[localhost].[/]       : Initializing Spring embedded WebApplicationContext
2025-11-07T15:39:54.183+03:00  INFO 10104 --- [main] w.s.c.ServletWebServerApplicationContext : Root WebApplicationContext: initialization completed in 1062 ms
2025-11-07T15:39:54.337+03:00  INFO 10104 --- [main] o.hibernate.jpa.internal.util.LogHelper  : HHH000204: Processing PersistenceUnitInfo [name: default]
2025-11-07T15:39:54.388+03:00  INFO 10104 --- [main] org.hibernate.Version                    : HHH000412: Hibernate ORM core version 6.6.33.Final
2025-11-07T15:39:54.419+03:00  INFO 10104 --- [main] o.h.c.internal.RegionFactoryInitiator    : HHH000026: Second-level cache disabled
2025-11-07T15:39:54.680+03:00  INFO 10104 --- [main] o.s.o.j.p.SpringPersistenceUnitInfo      : No LoadTimeWeaver setup: ignoring JPA class transformer
2025-11-07T15:39:54.705+03:00  INFO 10104 --- [main] com.zaxxer.hikari.HikariDataSource       : HikariPool-1 - Starting...
2025-11-07T15:39:54.853+03:00  INFO 10104 --- [main] com.zaxxer.hikari.pool.HikariPool        : HikariPool-1 - Added connection org.postgresql.jdbc.PgConnection@2035d65b
2025-11-07T15:39:54.854+03:00  INFO 10104 --- [main] com.zaxxer.hikari.HikariDataSource       : HikariPool-1 - Start completed.
2025-11-07T15:39:54.912+03:00  INFO 10104 --- [main] org.hibernate.orm.connections.pooling    : HHH10001005: Database info:
	Database JDBC URL [Connecting through datasource 'HikariDataSource (HikariPool-1)']
	Database driver: undefined/unknown
	Database version: 18.0
	Autocommit mode: undefined/unknown
	Isolation level: undefined/unknown
	Minimum pool size: undefined/unknown
	Maximum pool size: undefined/unknown
2025-11-07T15:39:55.531+03:00  INFO 10104 --- [main] o.h.e.t.j.p.i.JtaPlatformInitiator       : HHH000489: No JTA platform available (set 'hibernate.transaction.jta.platform' to enable JTA platform integration)
2025-11-07T15:39:55.563+03:00  INFO 10104 --- [main] j.LocalContainerEntityManagerFactoryBean : Initialized JPA EntityManagerFactory for persistence unit 'default'
2025-11-07T15:39:55.738+03:00  WARN 10104 --- [main] JpaBaseConfiguration$JpaWebConfiguration : spring.jpa.open-in-view is enabled by default. Therefore, database queries may be performed during view rendering. Explicitly configure spring.jpa.open-in-view to disable this warning
2025-11-07T15:39:56.063+03:00  INFO 10104 --- [main] o.s.b.w.embedded.tomcat.TomcatWebServer  : Tomcat started on port 8080 (http) with context path '/'
2025-11-07T15:39:56.071+03:00  INFO 10104 --- [main] b.Shelden.ReservationSystemApplication   : Started ReservationSystemApplication in 3.454 seconds (process running for 3.76)
2025-11-07T15:40:36.174+03:00  INFO 10104 --- [SpringApplicationShutdownHook] o.s.b.w.e.tomcat.GracefulShutdown        : Commencing graceful shutdown. Waiting for active requests to complete
2025-11-07T15:40:36.182+03:00  INFO 10104 --- [tomcat-shutdown] o.s.b.w.e.tomcat.GracefulShutdown        : Graceful shutdown complete
2025-11-07T15:40:36.185+03:00  INFO 10104 --- [SpringApplicationShutdownHook] j.LocalContainerEntityManagerFactoryBean : Closing JPA EntityManagerFactory for persistence unit 'default'
2025-11-07T15:40:36.187+03:00  INFO 10104 --- [SpringApplicationShutdownHook] com.zaxxer.hikari.HikariDataSource       : HikariPool-1 - Shutdown initiated...
2025-11-07T15:40:36.189+03:00  INFO 10104 --- [SpringApplicationShutdownHook] com.zaxxer.hikari.HikariDataSource       : HikariPool-1 - Shutdown completed.
2025-11-07T15:40:37.701+03:00  INFO 21368 --- [main] b.Shelden.ReservationSystemApplication   : Starting ReservationSystemApplication using Java 24.0.2 with PID 21368 (C:\Users\Shelden\IdeaProjects\Aston\Stage_Two\Second_Week\target\classes started by Shelden in C:\Users\Shelden\IdeaProjects\Aston\Stage_Two\Second_Week)
2025-11-07T15:40:37.703+03:00  INFO 21368 --- [main] b.Shelden.ReservationSystemApplication   : No active profile set, falling back to 1 default profile: "default"
2025-11-07T15:40:38.282+03:00  INFO 21368 --- [main] .s.d.r.c.RepositoryConfigurationDelegate : Bootstrapping Spring Data JPA repositories in DEFAULT mode.
2025-11-07T15:40:38.345+03:00  INFO 21368 --- [main] .s.d.r.c.RepositoryConfigurationDelegate : Finished Spring Data repository scanning in 50 ms. Found 1 JPA repository interface.
2025-11-07T15:40:38.774+03:00  INFO 21368 --- [main] o.s.b.w.embedded.tomcat.TomcatWebServer  : Tomcat initialized with port 8080 (http)
2025-11-07T15:40:38.789+03:00  INFO 21368 --- [main] o.apache.catalina.core.StandardService   : Starting service [Tomcat]
2025-11-07T15:40:38.789+03:00  INFO 21368 --- [main] o.apache.catalina.core.StandardEngine    : Starting Servlet engine: [Apache Tomcat/10.1.48]
2025-11-07T15:40:38.835+03:00  INFO 21368 --- [main] o.a.c.c.C.[Tomcat].[localhost].[/]       : Initializing Spring embedded WebApplicationContext
2025-11-07T15:40:38.836+03:00  INFO 21368 --- [main] w.s.c.ServletWebServerApplicationContext : Root WebApplicationContext: initialization completed in 1081 ms
2025-11-07T15:40:38.990+03:00  INFO 21368 --- [main] o.hibernate.jpa.internal.util.LogHelper  : HHH000204: Processing PersistenceUnitInfo [name: default]
2025-11-07T15:40:39.040+03:00  INFO 21368 --- [main] org.hibernate.Version                    : HHH000412: Hibernate ORM core version 6.6.33.Final
2025-11-07T15:40:39.068+03:00  INFO 21368 --- [main] o.h.c.internal.RegionFactoryInitiator    : HHH000026: Second-level cache disabled
2025-11-07T15:40:39.338+03:00  INFO 21368 --- [main] o.s.o.j.p.SpringPersistenceUnitInfo      : No LoadTimeWeaver setup: ignoring JPA class transformer
2025-11-07T15:40:39.363+03:00  INFO 21368 --- [main] com.zaxxer.hikari.HikariDataSource       : HikariPool-1 - Starting...
2025-11-07T15:40:39.512+03:00  INFO 21368 --- [main] com.zaxxer.hikari.pool.HikariPool        : HikariPool-1 - Added connection org.postgresql.jdbc.PgConnection@72224107
2025-11-07T15:40:39.513+03:00  INFO 21368 --- [main] com.zaxxer.hikari.HikariDataSource       : HikariPool-1 - Start completed.
2025-11-07T15:40:39.575+03:00  INFO 21368 --- [main] org.hibernate.orm.connections.pooling    : HHH10001005: Database info:
	Database JDBC URL [Connecting through datasource 'HikariDataSource (HikariPool-1)']
	Database driver: undefined/unknown
	Database version: 18.0
	Autocommit mode: undefined/unknown
	Isolation level: undefined/unknown
	Minimum pool size: undefined/unknown
	Maximum pool size: undefined/unknown
2025-11-07T15:40:40.211+03:00  INFO 21368 --- [main] o.h.e.t.j.p.i.JtaPlatformInitiator       : HHH000489: No JTA platform available (set 'hibernate.transaction.jta.platform' to enable JTA platform integration)
2025-11-07T15:40:40.245+03:00  INFO 21368 --- [main] j.LocalContainerEntityManagerFactoryBean : Initialized JPA EntityManagerFactory for persistence unit 'default'
2025-11-07T15:40:40.422+03:00  WARN 21368 --- [main] JpaBaseConfiguration$JpaWebConfiguration : spring.jpa.open-in-view is enabled by default. Therefore, database queries may be performed during view rendering. Explicitly configure spring.jpa.open-in-view to disable this warning
2025-11-07T15:40:40.726+03:00  INFO 21368 --- [main] o.s.b.w.embedded.tomcat.TomcatWebServer  : Tomcat started on port 8080 (http) with context path '/'
2025-11-07T15:40:40.734+03:00  INFO 21368 --- [main] b.Shelden.ReservationSystemApplication   : Started ReservationSystemApplication in 3.478 seconds (process running for 3.792)
2025-11-07T15:40:57.902+03:00  INFO 21368 --- [SpringApplicationShutdownHook] o.s.b.w.e.tomcat.GracefulShutdown        : Commencing graceful shutdown. Waiting for active requests to complete
2025-11-07T15:40:57.911+03:00  INFO 21368 --- [tomcat-shutdown] o.s.b.w.e.tomcat.GracefulShutdown        : Graceful shutdown complete
2025-11-07T15:40:57.914+03:00  INFO 21368 --- [SpringApplicationShutdownHook] j.LocalContainerEntityManagerFactoryBean : Closing JPA EntityManagerFactory for persistence unit 'default'
2025-11-07T15:40:57.916+03:00  INFO 21368 --- [SpringApplicationShutdownHook] com.zaxxer.hikari.HikariDataSource       : HikariPool-1 - Shutdown initiated...
2025-11-07T15:40:57.919+03:00  INFO 21368 --- [SpringApplicationShutdownHook] com.zaxxer.hikari.HikariDataSource       : HikariPool-1 - Shutdown completed.
